action: GLOB, msg: packaging
cwd: /Users/gustaveronteix/Documents/Projets/Projets Code/biograph
cmd: /Users/gustaveronteix/anaconda3/bin/python setup.py sdist --formats=zip --dist-dir '/Users/gustaveronteix/Documents/Projets/Projets Code/biograph/.tox/dist'
running sdist
running egg_info
creating biograph.egg-info
writing biograph.egg-info/PKG-INFO
writing dependency_links to biograph.egg-info/dependency_links.txt
writing requirements to biograph.egg-info/requires.txt
writing top-level names to biograph.egg-info/top_level.txt
writing manifest file 'biograph.egg-info/SOURCES.txt'
reading manifest file 'biograph.egg-info/SOURCES.txt'
writing manifest file 'biograph.egg-info/SOURCES.txt'
running check
warning: Check: missing required meta-data: url

creating biograph-0.1
creating biograph-0.1/biograph
creating biograph-0.1/biograph.egg-info
creating biograph-0.1/biograph/graphprops
creating biograph-0.1/test
copying files to biograph-0.1...
copying README.md -> biograph-0.1
copying setup.py -> biograph-0.1
copying biograph/__init__.py -> biograph-0.1/biograph
copying biograph/graphplot.py -> biograph-0.1/biograph
copying biograph/hmrf_em.py -> biograph-0.1/biograph
copying biograph.egg-info/PKG-INFO -> biograph-0.1/biograph.egg-info
copying biograph.egg-info/SOURCES.txt -> biograph-0.1/biograph.egg-info
copying biograph.egg-info/dependency_links.txt -> biograph-0.1/biograph.egg-info
copying biograph.egg-info/requires.txt -> biograph-0.1/biograph.egg-info
copying biograph.egg-info/top_level.txt -> biograph-0.1/biograph.egg-info
copying biograph/graphprops/__init__.py -> biograph-0.1/biograph/graphprops
copying test/test_hmrf_estimator.py -> biograph-0.1/test
Writing biograph-0.1/setup.cfg
creating /Users/gustaveronteix/Documents/Projets/Projets Code/biograph/.tox/dist
creating '/Users/gustaveronteix/Documents/Projets/Projets Code/biograph/.tox/dist/biograph-0.1.zip' and adding 'biograph-0.1' to it
adding 'biograph-0.1'
adding 'biograph-0.1/test'
adding 'biograph-0.1/biograph'
adding 'biograph-0.1/biograph.egg-info'
adding 'biograph-0.1/PKG-INFO'
adding 'biograph-0.1/README.md'
adding 'biograph-0.1/setup.py'
adding 'biograph-0.1/setup.cfg'
adding 'biograph-0.1/test/test_hmrf_estimator.py'
adding 'biograph-0.1/biograph/graphprops'
adding 'biograph-0.1/biograph/__init__.py'
adding 'biograph-0.1/biograph/graphplot.py'
adding 'biograph-0.1/biograph/hmrf_em.py'
adding 'biograph-0.1/biograph/graphprops/__init__.py'
adding 'biograph-0.1/biograph.egg-info/PKG-INFO'
adding 'biograph-0.1/biograph.egg-info/SOURCES.txt'
adding 'biograph-0.1/biograph.egg-info/requires.txt'
adding 'biograph-0.1/biograph.egg-info/top_level.txt'
adding 'biograph-0.1/biograph.egg-info/dependency_links.txt'
removing 'biograph-0.1' (and everything under it)
